<?xml version="1.0" encoding="UTF-8"?>
<!-- Generated by org.testng.reporters.JUnitReportReporter -->
<testsuite hostname="DESKTOP-FIUCR1P" failures="0" tests="3" name="tutorialninja.register.TC_RF_028" time="93.005" errors="0" timestamp="2025-06-09T16:31:48 PKT" skipped="0">
  <testcase classname="tutorialninja.register.TC_RF_028" name="verifyRegisteringAccountInDifferentTestEnvironments" time="7.337"/>
  <testcase classname="tutorialninja.register.TC_RF_028" name="verifyRegisteringAccountInDifferentTestEnvironments" time="15.303"/>
  <testcase classname="tutorialninja.register.TC_RF_028" name="verifyRegisteringAccountInDifferentTestEnvironments" time="70.365"/>
</testsuite> <!-- tutorialninja.register.TC_RF_028 -->
