<?xml version="1.0" encoding="UTF-8"?>
<!-- Generated by org.testng.reporters.JUnitReportReporter -->
<testsuite hostname="DESKTOP-FIUCR1P" failures="0" tests="1" name="tutorialninja.register.TC_RF_014" time="3.785" errors="0" timestamp="2025-06-07T15:29:40 PKT" skipped="0">
  <testcase classname="tutorialninja.register.TC_RF_014" name="verifyMandatoryFieldsSymbolAndColorInRegisterAccountPage" time="3.785"/>
</testsuite> <!-- tutorialninja.register.TC_RF_014 -->
