<?xml version="1.0" encoding="UTF-8"?>
<!-- Generated by org.testng.reporters.JUnitReportReporter -->
<testsuite hostname="DESKTOP-FIUCR1P" failures="0" tests="1" name="tutorialninja.register.TC_RF_010" time="9.096" errors="0" timestamp="2025-06-06T15:27:47 PKT" skipped="0">
  <testcase classname="tutorialninja.register.TC_RF_010" name="verifyRegisteringAccountUsingInvalidEmail" time="9.096"/>
</testsuite> <!-- tutorialninja.register.TC_RF_010 -->
