<?xml version="1.0" encoding="UTF-8"?>
<!-- Generated by org.testng.reporters.JUnitReportReporter -->
<testsuite hostname="DESKTOP-FIUCR1P" failures="0" tests="1" name="tutorialninja.register.TC_RF_027" time="10.157" errors="0" timestamp="2025-06-09T14:49:49 PKT" skipped="0">
  <testcase classname="tutorialninja.register.TC_RF_027" name="verifyUIOfRegisterAccountPage" time="10.157"/>
</testsuite> <!-- tutorialninja.register.TC_RF_027 -->
