<?xml version="1.0" encoding="UTF-8"?>
<!-- Generated by org.testng.reporters.JUnitReportReporter -->
<testsuite hostname="DESKTOP-FIUCR1P" failures="0" tests="1" name="tutorialninja.register.TF_RC_023" time="19.520" errors="0" timestamp="2025-06-09T12:13:09 PKT" skipped="0">
  <testcase classname="tutorialninja.register.TF_RC_023" name="verifyWorkingOfEveryLinkOnRegisterAccountPage" time="19.520"/>
</testsuite> <!-- tutorialninja.register.TF_RC_023 -->
