<?xml version="1.0" encoding="UTF-8"?>
<!-- Generated by org.testng.reporters.JUnitReportReporter -->
<testsuite hostname="DESKTOP-FIUCR1P" failures="0" tests="1" name="tutorialninja.register.TC_RF_006" time="4.700" errors="0" timestamp="2025-06-06T11:11:06 PKT" skipped="0">
  <testcase classname="tutorialninja.register.TC_RF_006" name="verifyRegisteringAccountBySayingNoToNewsletter" time="4.700"/>
</testsuite> <!-- tutorialninja.register.TC_RF_006 -->
