<?xml version="1.0" encoding="UTF-8"?>
<!-- Generated by org.testng.reporters.JUnitReportReporter -->
<testsuite hostname="DESKTOP-FIUCR1P" failures="0" tests="1" name="tutorialninja.register.TC_RF_005" time="6.378" errors="0" timestamp="2025-06-06T11:03:22 PKT" skipped="0">
  <testcase classname="tutorialninja.register.TC_RF_005" name="verifyRegisteringAccountBySubscribingToNewsletter" time="6.378"/>
</testsuite> <!-- tutorialninja.register.TC_RF_005 -->
