<?xml version="1.0" encoding="UTF-8"?>
<!-- Generated by org.testng.reporters.JUnitReportReporter -->
<testsuite hostname="DESKTOP-FIUCR1P" failures="0" tests="1" name="tutorialninja.register.TC_RF_026" time="2.731" errors="0" timestamp="2025-06-10T10:40:08 PKT" skipped="0">
  <testcase classname="tutorialninja.register.TC_RF_026" name="verifyBreadcrumbURLHeadingTitleOfRegisterAccountPage" time="2.731"/>
</testsuite> <!-- tutorialninja.register.TC_RF_026 -->
