<?xml version="1.0" encoding="UTF-8"?>
<!-- Generated by org.testng.reporters.JUnitReportReporter -->
<testsuite hostname="DESKTOP-FIUCR1P" failures="0" tests="1" name="tutorialninja.tests.Login" time="5.120" errors="0" timestamp="2025-06-25T01:53:59 PKT" skipped="0">
  <testcase classname="tutorialninja.tests.Login" name="verifyLoginWithValidCredentials" time="5.120"/>
</testsuite> <!-- tutorialninja.tests.Login -->
