<?xml version="1.0" encoding="UTF-8"?>
<!-- Generated by org.testng.reporters.JUnitReportReporter -->
<testsuite hostname="DESKTOP-FIUCR1P" failures="0" tests="1" name="tutorialninja.register.TC_RF_013" time="2.896" errors="0" timestamp="2025-06-07T11:45:15 PKT" skipped="0">
  <testcase classname="tutorialninja.register.TC_RF_013" name="verifyPlaceHoldersOfTextFieldsInRegisterAccountPage" time="2.896"/>
</testsuite> <!-- tutorialninja.register.TC_RF_013 -->
