<?xml version="1.0" encoding="UTF-8"?>
<!-- Generated by org.testng.reporters.JUnitReportReporter -->
<testsuite hostname="DESKTOP-FIUCR1P" failures="0" tests="1" name="tutorialninja.register.TC_RF_003" time="4.791" errors="0" timestamp="2025-06-06T09:41:18 PKT" skipped="0">
  <testcase classname="tutorialninja.register.TC_RF_003" name="verifyRegistrationWithAllFields" time="4.791"/>
</testsuite> <!-- tutorialninja.register.TC_RF_003 -->
