<?xml version="1.0" encoding="UTF-8"?>
<!-- Generated by org.testng.reporters.JUnitReportReporter -->
<testsuite hostname="DESKTOP-FIUCR1P" failures="0" tests="1" name="tutorialninja.register.TC_RF_001" time="5.249" errors="0" timestamp="2025-06-04T15:51:57 PKT" skipped="0">
  <testcase classname="tutorialninja.register.TC_RF_001" name="verifyRegisteration" time="5.249"/>
</testsuite> <!-- tutorialninja.register.TC_RF_001 -->
