<?xml version="1.0" encoding="UTF-8"?>
<!-- Generated by org.testng.reporters.JUnitReportReporter -->
<testsuite hostname="DESKTOP-FIUCR1P" failures="0" tests="1" name="tutorialninja.register.TF_RC_022" time="3.140" errors="0" timestamp="2025-06-09T11:56:27 PKT" skipped="0">
  <testcase classname="tutorialninja.register.TF_RC_022" name="verifyVisibiltyTogglineOfPasswordsFieldsOnRegisterAccount" time="3.140"/>
</testsuite> <!-- tutorialninja.register.TF_RC_022 -->
