<?xml version="1.0" encoding="UTF-8"?>
<!-- Generated by org.testng.reporters.JUnitReportReporter -->
<testsuite hostname="DESKTOP-FIUCR1P" failures="0" tests="1" name="tutorialninja.register.TC_RF_027" time="7.396" errors="0" timestamp="2025-06-10T10:40:08 PKT" skipped="0">
  <testcase classname="tutorialninja.register.TC_RF_027" name="verifyUIOfRegisterAccountPage" time="7.396"/>
</testsuite> <!-- tutorialninja.register.TC_RF_027 -->
