<?xml version="1.0" encoding="UTF-8"?>
<!-- Generated by org.testng.reporters.JUnitReportReporter -->
<testsuite hostname="DESKTOP-FIUCR1P" failures="0" tests="1" name="tutorialninja.register.TC_RF_001" time="10.505" errors="0" timestamp="2025-06-05T12:22:00 PKT" skipped="0">
  <testcase classname="tutorialninja.register.TC_RF_001" name="verifyRegisteration" time="10.505"/>
</testsuite> <!-- tutorialninja.register.TC_RF_001 -->
