<?xml version="1.0" encoding="UTF-8"?>
<!-- Generated by org.testng.reporters.JUnitReportReporter -->
<testsuite hostname="DESKTOP-FIUCR1P" failures="0" tests="3" name="tutorialninja.register.TC_RF_028" time="19.771" errors="0" timestamp="2025-06-10T10:40:08 PKT" skipped="0">
  <testcase classname="tutorialninja.register.TC_RF_028" name="verifyRegisteringAccountInDifferentTestEnvironments" time="9.162"/>
  <testcase classname="tutorialninja.register.TC_RF_028" name="verifyRegisteringAccountInDifferentTestEnvironments" time="4.739"/>
  <testcase classname="tutorialninja.register.TC_RF_028" name="verifyRegisteringAccountInDifferentTestEnvironments" time="5.870"/>
</testsuite> <!-- tutorialninja.register.TC_RF_028 -->
